2023-07-09 20:00:07,803 - kedro.framework.session.session - INFO - Kedro project lab-11
2023-07-09 20:01:50,801 - kedro.framework.session.session - INFO - Kedro project lab-11
2023-07-09 20:01:52,033 - kedro.pipeline.node - INFO - Running node: Get_Data_Node: get_data(None) -> [Companies,Shuttles,Reviews]
2023-07-09 20:02:13,244 - kedro.io.data_catalog - INFO - Saving data to 'Companies' (ParquetDataSet)...
2023-07-09 20:02:13,328 - kedro.io.data_catalog - INFO - Saving data to 'Shuttles' (ParquetDataSet)...
2023-07-09 20:02:13,461 - kedro.io.data_catalog - INFO - Saving data to 'Reviews' (ParquetDataSet)...
2023-07-09 20:02:13,525 - kedro.runner.sequential_runner - INFO - Completed 1 out of 4 tasks
2023-07-09 20:02:13,527 - kedro.io.data_catalog - INFO - Loading data from 'Companies' (ParquetDataSet)...
2023-07-09 20:02:13,589 - kedro.pipeline.node - INFO - Running node: Preprocess_Companies_Node: preprocess_companies([Companies]) -> [Preprocessed Companies]
2023-07-09 20:02:13,650 - kedro.io.data_catalog - INFO - Saving data to 'Preprocessed Companies' (ParquetDataSet)...
2023-07-09 20:02:13,690 - kedro.runner.sequential_runner - INFO - Completed 2 out of 4 tasks
2023-07-09 20:02:13,691 - kedro.io.data_catalog - INFO - Loading data from 'Shuttles' (ParquetDataSet)...
2023-07-09 20:02:13,764 - kedro.pipeline.node - INFO - Running node: Preprocess_Shuttles_Node: preprocess_shuttles([Shuttles]) -> [Preprocessed Shuttles]
2023-07-09 20:02:13,780 - py.warnings - WARNING - C:\Users\Cristóbal\Desktop\Lab_11\lab-11\src\lab_11\pipelines\data_prep\nodes.py:15: FutureWarning: The default value of regex will change from True to False in a future version. In addition, single character regular expressions will *not* be treated as literal strings when regex=True.
  x = x.str.replace("$", "").str.replace(",", "")

2023-07-09 20:02:13,890 - kedro.io.data_catalog - INFO - Saving data to 'Preprocessed Shuttles' (ParquetDataSet)...
2023-07-09 20:02:13,987 - kedro.runner.sequential_runner - INFO - Completed 3 out of 4 tasks
2023-07-09 20:02:13,989 - kedro.io.data_catalog - INFO - Loading data from 'Preprocessed Shuttles' (ParquetDataSet)...
2023-07-09 20:02:14,039 - kedro.io.data_catalog - INFO - Loading data from 'Preprocessed Companies' (ParquetDataSet)...
2023-07-09 20:02:14,065 - kedro.io.data_catalog - INFO - Loading data from 'Reviews' (ParquetDataSet)...
2023-07-09 20:02:14,130 - kedro.pipeline.node - INFO - Running node: Create_Model_Input_Table_Node: create_model_input_table([Preprocessed Shuttles,Preprocessed Companies,Reviews]) -> [Model Input Table]
2023-07-09 20:02:16,412 - kedro.io.data_catalog - INFO - Saving data to 'Model Input Table' (ParquetDataSet)...
2023-07-09 20:02:16,436 - kedro.runner.sequential_runner - INFO - Completed 4 out of 4 tasks
2023-07-09 20:02:16,439 - kedro.runner.sequential_runner - INFO - Pipeline execution completed successfully.
2023-07-10 21:50:14,279 - kedro.framework.session.session - INFO - Kedro project lab-11
2023-07-10 21:50:18,102 - kedro.pipeline.node - INFO - Running node: Get_Data_Node: get_data(None) -> [Companies,Shuttles,Reviews]
2023-07-10 21:50:38,219 - kedro.io.data_catalog - INFO - Saving data to 'Companies' (ParquetDataSet)...
2023-07-10 21:50:38,348 - kedro.io.data_catalog - INFO - Saving data to 'Shuttles' (ParquetDataSet)...
2023-07-10 21:50:38,482 - kedro.io.data_catalog - INFO - Saving data to 'Reviews' (ParquetDataSet)...
2023-07-10 21:50:38,541 - kedro.runner.sequential_runner - INFO - Completed 1 out of 7 tasks
2023-07-10 21:50:38,544 - kedro.io.data_catalog - INFO - Loading data from 'Companies' (ParquetDataSet)...
2023-07-10 21:50:38,633 - kedro.pipeline.node - INFO - Running node: Preprocess_Companies_Node: preprocess_companies([Companies]) -> [Preprocessed Companies]
2023-07-10 21:50:38,690 - kedro.io.data_catalog - INFO - Saving data to 'Preprocessed Companies' (ParquetDataSet)...
2023-07-10 21:50:38,729 - kedro.runner.sequential_runner - INFO - Completed 2 out of 7 tasks
2023-07-10 21:50:38,732 - kedro.io.data_catalog - INFO - Loading data from 'Shuttles' (ParquetDataSet)...
2023-07-10 21:50:38,805 - kedro.pipeline.node - INFO - Running node: Preprocess_Shuttles_Node: preprocess_shuttles([Shuttles]) -> [Preprocessed Shuttles]
2023-07-10 21:50:38,823 - py.warnings - WARNING - C:\Users\Cristóbal\Desktop\Lab_11\lab-11\src\lab_11\pipelines\data_prep\nodes.py:15: FutureWarning: The default value of regex will change from True to False in a future version. In addition, single character regular expressions will *not* be treated as literal strings when regex=True.
  x = x.str.replace("$", "").str.replace(",", "")

2023-07-10 21:50:38,934 - kedro.io.data_catalog - INFO - Saving data to 'Preprocessed Shuttles' (ParquetDataSet)...
2023-07-10 21:50:39,033 - kedro.runner.sequential_runner - INFO - Completed 3 out of 7 tasks
2023-07-10 21:50:39,035 - kedro.io.data_catalog - INFO - Loading data from 'Preprocessed Shuttles' (ParquetDataSet)...
2023-07-10 21:50:39,082 - kedro.io.data_catalog - INFO - Loading data from 'Preprocessed Companies' (ParquetDataSet)...
2023-07-10 21:50:39,107 - kedro.io.data_catalog - INFO - Loading data from 'Reviews' (ParquetDataSet)...
2023-07-10 21:50:39,172 - kedro.pipeline.node - INFO - Running node: Create_Model_Input_Table_Node: create_model_input_table([Preprocessed Shuttles,Preprocessed Companies,Reviews]) -> [Model Input Table]
2023-07-10 21:50:41,379 - kedro.io.data_catalog - INFO - Saving data to 'Model Input Table' (ParquetDataSet)...
2023-07-10 21:50:41,405 - kedro.runner.sequential_runner - INFO - Completed 4 out of 7 tasks
2023-07-10 21:50:41,407 - kedro.io.data_catalog - INFO - Loading data from 'Model Input Table' (ParquetDataSet)...
2023-07-10 21:50:41,432 - kedro.io.data_catalog - INFO - Loading data from 'params:split_params' (MemoryDataset)...
2023-07-10 21:50:41,450 - kedro.pipeline.node - INFO - Running node: Split_Data_Node: split_data([Model Input Table,params:split_params]) -> [X_train,X_Valid,X_Test,Y_Train,Y_Valid,Y_Test]
2023-07-10 21:50:41,528 - kedro.io.data_catalog - INFO - Saving data to 'X_train' (MemoryDataset)...
2023-07-10 21:50:41,554 - kedro.io.data_catalog - INFO - Saving data to 'X_Valid' (MemoryDataset)...
2023-07-10 21:50:41,579 - kedro.io.data_catalog - INFO - Saving data to 'X_Test' (MemoryDataset)...
2023-07-10 21:50:41,598 - kedro.io.data_catalog - INFO - Saving data to 'Y_Train' (MemoryDataset)...
2023-07-10 21:50:41,609 - kedro.io.data_catalog - INFO - Saving data to 'Y_Valid' (MemoryDataset)...
2023-07-10 21:50:41,621 - kedro.io.data_catalog - INFO - Saving data to 'Y_Test' (MemoryDataset)...
2023-07-10 21:50:41,628 - kedro.runner.sequential_runner - INFO - Completed 5 out of 7 tasks
2023-07-10 21:50:41,630 - kedro.io.data_catalog - INFO - Loading data from 'X_train' (MemoryDataset)...
2023-07-10 21:50:41,645 - kedro.io.data_catalog - INFO - Loading data from 'X_Valid' (MemoryDataset)...
2023-07-10 21:50:41,659 - kedro.io.data_catalog - INFO - Loading data from 'Y_Train' (MemoryDataset)...
2023-07-10 21:50:41,667 - kedro.io.data_catalog - INFO - Loading data from 'Y_Valid' (MemoryDataset)...
2023-07-10 21:50:41,707 - kedro.pipeline.node - INFO - Running node: Train_Model_Node: train_model([X_train,X_Valid,Y_Train,Y_Valid]) -> [Model]
2023-07-10 21:50:53,138 - py.warnings - WARNING - C:\Users\Cristóbal\anaconda3\lib\site-packages\sklearn\utils\validation.py:1143: DataConversionWarning: A column-vector y was passed when a 1d array was expected. Please change the shape of y to (n_samples, ), for example using ravel().
  y = column_or_1d(y, warn=True)

2023-07-10 21:51:12,562 - kedro.pipeline.node - ERROR - Node 'Train_Model_Node: train_model([X_train,X_Valid,Y_Train,Y_Valid]) -> [Model]' failed with error: 
Invalid classes inferred from unique values of `y`.  Expected: [  0   1   2   3   4   5   6   7   8   9  10  11  12  13  14  15  16  17
  18  19  20  21  22  23  24  25  26  27  28  29  30  31  32  33  34  35
  36  37  38  39  40  41  42  43  44  45  46  47  48  49  50  51  52  53
  54  55  56  57  58  59  60  61  62  63  64  65  66  67  68  69  70  71
  72  73  74  75  76  77  78  79  80  81  82  83  84  85  86  87  88  89
  90  91  92  93  94  95  96  97  98  99 100 101 102 103 104 105 106 107
 108 109 110 111 112 113 114 115 116 117 118 119 120 121 122 123 124 125
 126 127 128 129 130 131 132 133 134 135 136 137 138 139 140 141 142 143
 144 145 146 147 148 149 150 151 152 153 154 155 156 157 158 159 160 161
 162 163 164 165], got [1000. 1026. 1104. 1117. 1130. 1143. 1156. 1169. 1182. 1195. 1208. 1221.
 1234. 1247. 1260. 1273. 1286. 1299. 1312. 1325. 1338. 1351. 1364. 1377.
 1390. 1416. 1429. 1442. 1455. 1468. 1481. 1494. 1507. 1520. 1533. 1546.
 1559. 1572. 1585. 1598. 1611. 1637. 1650. 1663. 1676. 1689. 1715. 1741.
 1754. 1767. 1780. 1793. 1806. 1845. 1871. 1884. 1897. 1910. 1923. 1962.
 1975. 2014. 2027. 2040. 2053. 2066. 2079. 2105. 2144. 2157. 2170. 2183.
 2196. 2209. 2222. 2235. 2300. 2326. 2365. 2378. 2404. 2417. 2430. 2469.
 2482. 2495. 2521. 2534. 2547. 2560. 2586. 2625. 2638. 2664. 2690. 2729.
 2755. 2768. 2794. 2807. 2820. 2872. 2885. 2911. 2924. 2937. 2950. 2976.
 3002. 3015. 3028. 3080. 3093. 3145. 3158. 3197. 3210. 3223. 3275. 3301.
 3327. 3340. 3353. 3366. 3405. 3431. 3457. 3470. 3535. 3600. 3665. 3691.
 3730. 3756. 3795. 3847. 3860. 3873. 3990. 4055. 4107. 4120. 4237. 4380.
 4445. 4510. 4549. 4562. 4575. 4718. 4770. 4900. 4978. 5030. 5095. 5420.
 5446. 6070. 6590. 6720. 7110. 7305. 7370. 8007. 8423. 9320.]
2023-07-10 21:51:12,627 - kedro.runner.sequential_runner - WARNING - There are 2 nodes that have not run.
You can resume the pipeline run from the nearest nodes with persisted inputs by adding the following argument to your previous command:
  --from-nodes "Create_Model_Input_Table_Node"
2023-07-10 22:04:32,327 - kedro.framework.session.session - INFO - Kedro project lab-11
2023-07-10 22:04:36,028 - kedro.pipeline.node - INFO - Running node: Get_Data_Node: get_data(None) -> [Companies,Shuttles,Reviews]
2023-07-10 22:04:57,518 - kedro.io.data_catalog - INFO - Saving data to 'Companies' (ParquetDataSet)...
2023-07-10 22:04:57,609 - kedro.io.data_catalog - INFO - Saving data to 'Shuttles' (ParquetDataSet)...
2023-07-10 22:04:57,746 - kedro.io.data_catalog - INFO - Saving data to 'Reviews' (ParquetDataSet)...
2023-07-10 22:04:57,809 - kedro.runner.sequential_runner - INFO - Completed 1 out of 7 tasks
2023-07-10 22:04:57,811 - kedro.io.data_catalog - INFO - Loading data from 'Companies' (ParquetDataSet)...
2023-07-10 22:04:57,867 - kedro.pipeline.node - INFO - Running node: Preprocess_Companies_Node: preprocess_companies([Companies]) -> [Preprocessed Companies]
2023-07-10 22:04:57,925 - kedro.io.data_catalog - INFO - Saving data to 'Preprocessed Companies' (ParquetDataSet)...
2023-07-10 22:04:57,961 - kedro.runner.sequential_runner - INFO - Completed 2 out of 7 tasks
2023-07-10 22:04:57,963 - kedro.io.data_catalog - INFO - Loading data from 'Shuttles' (ParquetDataSet)...
2023-07-10 22:04:58,034 - kedro.pipeline.node - INFO - Running node: Preprocess_Shuttles_Node: preprocess_shuttles([Shuttles]) -> [Preprocessed Shuttles]
2023-07-10 22:04:58,051 - py.warnings - WARNING - C:\Users\Cristóbal\Desktop\Lab_11\lab-11\src\lab_11\pipelines\data_prep\nodes.py:15: FutureWarning: The default value of regex will change from True to False in a future version. In addition, single character regular expressions will *not* be treated as literal strings when regex=True.
  x = x.str.replace("$", "").str.replace(",", "")

2023-07-10 22:04:58,168 - kedro.io.data_catalog - INFO - Saving data to 'Preprocessed Shuttles' (ParquetDataSet)...
2023-07-10 22:04:58,267 - kedro.runner.sequential_runner - INFO - Completed 3 out of 7 tasks
2023-07-10 22:04:58,270 - kedro.io.data_catalog - INFO - Loading data from 'Preprocessed Shuttles' (ParquetDataSet)...
2023-07-10 22:04:58,318 - kedro.io.data_catalog - INFO - Loading data from 'Preprocessed Companies' (ParquetDataSet)...
2023-07-10 22:04:58,345 - kedro.io.data_catalog - INFO - Loading data from 'Reviews' (ParquetDataSet)...
2023-07-10 22:04:58,414 - kedro.pipeline.node - INFO - Running node: Create_Model_Input_Table_Node: create_model_input_table([Preprocessed Shuttles,Preprocessed Companies,Reviews]) -> [Model Input Table]
2023-07-10 22:05:00,674 - kedro.io.data_catalog - INFO - Saving data to 'Model Input Table' (ParquetDataSet)...
2023-07-10 22:05:00,699 - kedro.runner.sequential_runner - INFO - Completed 4 out of 7 tasks
2023-07-10 22:05:00,701 - kedro.io.data_catalog - INFO - Loading data from 'Model Input Table' (ParquetDataSet)...
2023-07-10 22:05:00,727 - kedro.io.data_catalog - INFO - Loading data from 'params:split_params' (MemoryDataset)...
2023-07-10 22:05:00,743 - kedro.pipeline.node - INFO - Running node: Split_Data_Node: split_data([Model Input Table,params:split_params]) -> [X_Train,X_Valid,X_Test,Y_Train,Y_Valid,Y_Test]
2023-07-10 22:05:00,821 - kedro.io.data_catalog - INFO - Saving data to 'X_Train' (MemoryDataset)...
2023-07-10 22:05:00,847 - kedro.io.data_catalog - INFO - Saving data to 'X_Valid' (MemoryDataset)...
2023-07-10 22:05:00,875 - kedro.io.data_catalog - INFO - Saving data to 'X_Test' (MemoryDataset)...
2023-07-10 22:05:00,894 - kedro.io.data_catalog - INFO - Saving data to 'Y_Train' (MemoryDataset)...
2023-07-10 22:05:00,907 - kedro.io.data_catalog - INFO - Saving data to 'Y_Valid' (MemoryDataset)...
2023-07-10 22:05:00,918 - kedro.io.data_catalog - INFO - Saving data to 'Y_Test' (MemoryDataset)...
2023-07-10 22:05:00,925 - kedro.runner.sequential_runner - INFO - Completed 5 out of 7 tasks
2023-07-10 22:05:00,927 - kedro.io.data_catalog - INFO - Loading data from 'X_Train' (MemoryDataset)...
2023-07-10 22:05:00,942 - kedro.io.data_catalog - INFO - Loading data from 'X_Valid' (MemoryDataset)...
2023-07-10 22:05:00,956 - kedro.io.data_catalog - INFO - Loading data from 'Y_Train' (MemoryDataset)...
2023-07-10 22:05:00,963 - kedro.io.data_catalog - INFO - Loading data from 'Y_Valid' (MemoryDataset)...
2023-07-10 22:05:01,003 - kedro.pipeline.node - INFO - Running node: Train_Model_Node: train_model([X_Train,X_Valid,Y_Train,Y_Valid]) -> [Model]
2023-07-10 22:05:01,015 - kedro.pipeline.node - ERROR - Node 'Train_Model_Node: train_model([X_Train,X_Valid,Y_Train,Y_Valid]) -> [Model]' failed with error: 
Experiment 'Experiment_1' already exists.
2023-07-10 22:05:01,052 - kedro.runner.sequential_runner - WARNING - There are 2 nodes that have not run.
You can resume the pipeline run from the nearest nodes with persisted inputs by adding the following argument to your previous command:
  --from-nodes "Create_Model_Input_Table_Node"
2023-07-10 22:22:37,101 - kedro.framework.session.session - INFO - Kedro project lab-11
2023-07-10 22:22:40,921 - kedro.pipeline.node - INFO - Running node: Get_Data_Node: get_data(None) -> [Companies,Shuttles,Reviews]
2023-07-10 22:23:02,299 - kedro.io.data_catalog - INFO - Saving data to 'Companies' (ParquetDataSet)...
2023-07-10 22:23:02,386 - kedro.io.data_catalog - INFO - Saving data to 'Shuttles' (ParquetDataSet)...
2023-07-10 22:23:02,519 - kedro.io.data_catalog - INFO - Saving data to 'Reviews' (ParquetDataSet)...
2023-07-10 22:23:02,577 - kedro.runner.sequential_runner - INFO - Completed 1 out of 7 tasks
2023-07-10 22:23:02,580 - kedro.io.data_catalog - INFO - Loading data from 'Companies' (ParquetDataSet)...
2023-07-10 22:23:02,636 - kedro.pipeline.node - INFO - Running node: Preprocess_Companies_Node: preprocess_companies([Companies]) -> [Preprocessed Companies]
2023-07-10 22:23:02,692 - kedro.io.data_catalog - INFO - Saving data to 'Preprocessed Companies' (ParquetDataSet)...
2023-07-10 22:23:02,732 - kedro.runner.sequential_runner - INFO - Completed 2 out of 7 tasks
2023-07-10 22:23:02,735 - kedro.io.data_catalog - INFO - Loading data from 'Shuttles' (ParquetDataSet)...
2023-07-10 22:23:02,803 - kedro.pipeline.node - INFO - Running node: Preprocess_Shuttles_Node: preprocess_shuttles([Shuttles]) -> [Preprocessed Shuttles]
2023-07-10 22:23:02,821 - py.warnings - WARNING - C:\Users\Cristóbal\Desktop\Lab_11\lab-11\src\lab_11\pipelines\data_prep\nodes.py:15: FutureWarning: The default value of regex will change from True to False in a future version. In addition, single character regular expressions will *not* be treated as literal strings when regex=True.
  x = x.str.replace("$", "").str.replace(",", "")

2023-07-10 22:23:02,929 - kedro.io.data_catalog - INFO - Saving data to 'Preprocessed Shuttles' (ParquetDataSet)...
2023-07-10 22:23:03,026 - kedro.runner.sequential_runner - INFO - Completed 3 out of 7 tasks
2023-07-10 22:23:03,028 - kedro.io.data_catalog - INFO - Loading data from 'Preprocessed Shuttles' (ParquetDataSet)...
2023-07-10 22:23:03,076 - kedro.io.data_catalog - INFO - Loading data from 'Preprocessed Companies' (ParquetDataSet)...
2023-07-10 22:23:03,102 - kedro.io.data_catalog - INFO - Loading data from 'Reviews' (ParquetDataSet)...
2023-07-10 22:23:03,167 - kedro.pipeline.node - INFO - Running node: Create_Model_Input_Table_Node: create_model_input_table([Preprocessed Shuttles,Preprocessed Companies,Reviews]) -> [Model Input Table]
2023-07-10 22:23:05,378 - kedro.io.data_catalog - INFO - Saving data to 'Model Input Table' (ParquetDataSet)...
2023-07-10 22:23:05,404 - kedro.runner.sequential_runner - INFO - Completed 4 out of 7 tasks
2023-07-10 22:23:05,407 - kedro.io.data_catalog - INFO - Loading data from 'Model Input Table' (ParquetDataSet)...
2023-07-10 22:23:05,432 - kedro.io.data_catalog - INFO - Loading data from 'params:split_params' (MemoryDataset)...
2023-07-10 22:23:05,449 - kedro.pipeline.node - INFO - Running node: Split_Data_Node: split_data([Model Input Table,params:split_params]) -> [X_Train,X_Valid,X_Test,Y_Train,Y_Valid,Y_Test]
2023-07-10 22:23:05,524 - kedro.io.data_catalog - INFO - Saving data to 'X_Train' (MemoryDataset)...
2023-07-10 22:23:05,549 - kedro.io.data_catalog - INFO - Saving data to 'X_Valid' (MemoryDataset)...
2023-07-10 22:23:05,576 - kedro.io.data_catalog - INFO - Saving data to 'X_Test' (MemoryDataset)...
2023-07-10 22:23:05,595 - kedro.io.data_catalog - INFO - Saving data to 'Y_Train' (MemoryDataset)...
2023-07-10 22:23:05,606 - kedro.io.data_catalog - INFO - Saving data to 'Y_Valid' (MemoryDataset)...
2023-07-10 22:23:05,619 - kedro.io.data_catalog - INFO - Saving data to 'Y_Test' (MemoryDataset)...
2023-07-10 22:23:05,626 - kedro.runner.sequential_runner - INFO - Completed 5 out of 7 tasks
2023-07-10 22:23:05,629 - kedro.io.data_catalog - INFO - Loading data from 'X_Train' (MemoryDataset)...
2023-07-10 22:23:05,645 - kedro.io.data_catalog - INFO - Loading data from 'X_Valid' (MemoryDataset)...
2023-07-10 22:23:05,660 - kedro.io.data_catalog - INFO - Loading data from 'Y_Train' (MemoryDataset)...
2023-07-10 22:23:05,667 - kedro.io.data_catalog - INFO - Loading data from 'Y_Valid' (MemoryDataset)...
2023-07-10 22:23:05,709 - kedro.pipeline.node - INFO - Running node: Train_Model_Node: train_model([X_Train,X_Valid,Y_Train,Y_Valid]) -> [Model]
2023-07-10 22:23:16,511 - py.warnings - WARNING - C:\Users\Cristóbal\anaconda3\lib\site-packages\sklearn\utils\validation.py:1143: DataConversionWarning: A column-vector y was passed when a 1d array was expected. Please change the shape of y to (n_samples, ), for example using ravel().
  y = column_or_1d(y, warn=True)

2023-07-10 22:23:35,265 - kedro.pipeline.node - ERROR - Node 'Train_Model_Node: train_model([X_Train,X_Valid,Y_Train,Y_Valid]) -> [Model]' failed with error: 
Invalid classes inferred from unique values of `y`.  Expected: [  0   1   2   3   4   5   6   7   8   9  10  11  12  13  14  15  16  17
  18  19  20  21  22  23  24  25  26  27  28  29  30  31  32  33  34  35
  36  37  38  39  40  41  42  43  44  45  46  47  48  49  50  51  52  53
  54  55  56  57  58  59  60  61  62  63  64  65  66  67  68  69  70  71
  72  73  74  75  76  77  78  79  80  81  82  83  84  85  86  87  88  89
  90  91  92  93  94  95  96  97  98  99 100 101 102 103 104 105 106 107
 108 109 110 111 112 113 114 115 116 117 118 119 120 121 122 123 124 125
 126 127 128 129 130 131 132 133 134 135 136 137 138 139 140 141 142 143
 144 145 146 147 148 149 150 151 152 153 154 155 156 157 158 159 160 161
 162 163 164 165], got [1000. 1026. 1104. 1117. 1130. 1143. 1156. 1169. 1182. 1195. 1208. 1221.
 1234. 1247. 1260. 1273. 1286. 1299. 1312. 1325. 1338. 1351. 1364. 1377.
 1390. 1416. 1429. 1442. 1455. 1468. 1481. 1494. 1507. 1520. 1533. 1546.
 1559. 1572. 1585. 1598. 1611. 1637. 1650. 1663. 1676. 1689. 1715. 1741.
 1754. 1767. 1780. 1793. 1806. 1845. 1871. 1884. 1897. 1910. 1923. 1962.
 1975. 2014. 2027. 2040. 2053. 2066. 2079. 2105. 2144. 2157. 2170. 2183.
 2196. 2209. 2222. 2235. 2300. 2326. 2365. 2378. 2404. 2417. 2430. 2469.
 2482. 2495. 2521. 2534. 2547. 2560. 2586. 2625. 2638. 2664. 2690. 2729.
 2755. 2768. 2794. 2807. 2820. 2872. 2885. 2911. 2924. 2937. 2950. 2976.
 3002. 3015. 3028. 3080. 3093. 3145. 3158. 3197. 3210. 3223. 3275. 3301.
 3327. 3340. 3353. 3366. 3405. 3431. 3457. 3470. 3535. 3600. 3665. 3691.
 3730. 3756. 3795. 3847. 3860. 3873. 3990. 4055. 4107. 4120. 4237. 4380.
 4445. 4510. 4549. 4562. 4575. 4718. 4770. 4900. 4978. 5030. 5095. 5420.
 5446. 6070. 6590. 6720. 7110. 7305. 7370. 8007. 8423. 9320.]
2023-07-10 22:23:35,326 - kedro.runner.sequential_runner - WARNING - There are 2 nodes that have not run.
You can resume the pipeline run from the nearest nodes with persisted inputs by adding the following argument to your previous command:
  --from-nodes "Create_Model_Input_Table_Node"
2023-07-10 22:28:29,325 - kedro.framework.session.session - INFO - Kedro project lab-11
2023-07-10 22:28:33,237 - kedro.pipeline.node - INFO - Running node: Get_Data_Node: get_data(None) -> [Companies,Shuttles,Reviews]
2023-07-10 22:28:54,900 - kedro.io.data_catalog - INFO - Saving data to 'Companies' (ParquetDataSet)...
2023-07-10 22:28:54,987 - kedro.io.data_catalog - INFO - Saving data to 'Shuttles' (ParquetDataSet)...
2023-07-10 22:28:55,120 - kedro.io.data_catalog - INFO - Saving data to 'Reviews' (ParquetDataSet)...
2023-07-10 22:28:55,178 - kedro.runner.sequential_runner - INFO - Completed 1 out of 7 tasks
2023-07-10 22:28:55,180 - kedro.io.data_catalog - INFO - Loading data from 'Companies' (ParquetDataSet)...
2023-07-10 22:28:55,233 - kedro.pipeline.node - INFO - Running node: Preprocess_Companies_Node: preprocess_companies([Companies]) -> [Preprocessed Companies]
2023-07-10 22:28:55,289 - kedro.io.data_catalog - INFO - Saving data to 'Preprocessed Companies' (ParquetDataSet)...
2023-07-10 22:28:55,326 - kedro.runner.sequential_runner - INFO - Completed 2 out of 7 tasks
2023-07-10 22:28:55,328 - kedro.io.data_catalog - INFO - Loading data from 'Shuttles' (ParquetDataSet)...
2023-07-10 22:28:55,398 - kedro.pipeline.node - INFO - Running node: Preprocess_Shuttles_Node: preprocess_shuttles([Shuttles]) -> [Preprocessed Shuttles]
2023-07-10 22:28:55,416 - py.warnings - WARNING - C:\Users\Cristóbal\Desktop\Lab_11\lab-11\src\lab_11\pipelines\data_prep\nodes.py:15: FutureWarning: The default value of regex will change from True to False in a future version. In addition, single character regular expressions will *not* be treated as literal strings when regex=True.
  x = x.str.replace("$", "").str.replace(",", "")

2023-07-10 22:28:55,526 - kedro.io.data_catalog - INFO - Saving data to 'Preprocessed Shuttles' (ParquetDataSet)...
2023-07-10 22:28:55,624 - kedro.runner.sequential_runner - INFO - Completed 3 out of 7 tasks
2023-07-10 22:28:55,627 - kedro.io.data_catalog - INFO - Loading data from 'Preprocessed Shuttles' (ParquetDataSet)...
2023-07-10 22:28:55,674 - kedro.io.data_catalog - INFO - Loading data from 'Preprocessed Companies' (ParquetDataSet)...
2023-07-10 22:28:55,700 - kedro.io.data_catalog - INFO - Loading data from 'Reviews' (ParquetDataSet)...
2023-07-10 22:28:55,765 - kedro.pipeline.node - INFO - Running node: Create_Model_Input_Table_Node: create_model_input_table([Preprocessed Shuttles,Preprocessed Companies,Reviews]) -> [Model Input Table]
2023-07-10 22:28:57,963 - kedro.io.data_catalog - INFO - Saving data to 'Model Input Table' (ParquetDataSet)...
2023-07-10 22:28:57,988 - kedro.runner.sequential_runner - INFO - Completed 4 out of 7 tasks
2023-07-10 22:28:57,990 - kedro.io.data_catalog - INFO - Loading data from 'Model Input Table' (ParquetDataSet)...
2023-07-10 22:28:58,016 - kedro.io.data_catalog - INFO - Loading data from 'params:split_params' (MemoryDataset)...
2023-07-10 22:28:58,033 - kedro.pipeline.node - INFO - Running node: Split_Data_Node: split_data([Model Input Table,params:split_params]) -> [X_Train,X_Valid,X_Test,Y_Train,Y_Valid,Y_Test]
2023-07-10 22:28:58,108 - kedro.io.data_catalog - INFO - Saving data to 'X_Train' (MemoryDataset)...
2023-07-10 22:28:58,134 - kedro.io.data_catalog - INFO - Saving data to 'X_Valid' (MemoryDataset)...
2023-07-10 22:28:58,161 - kedro.io.data_catalog - INFO - Saving data to 'X_Test' (MemoryDataset)...
2023-07-10 22:28:58,179 - kedro.io.data_catalog - INFO - Saving data to 'Y_Train' (MemoryDataset)...
2023-07-10 22:28:58,191 - kedro.io.data_catalog - INFO - Saving data to 'Y_Valid' (MemoryDataset)...
2023-07-10 22:28:58,205 - kedro.io.data_catalog - INFO - Saving data to 'Y_Test' (MemoryDataset)...
2023-07-10 22:28:58,214 - kedro.runner.sequential_runner - INFO - Completed 5 out of 7 tasks
2023-07-10 22:28:58,216 - kedro.io.data_catalog - INFO - Loading data from 'X_Train' (MemoryDataset)...
2023-07-10 22:28:58,231 - kedro.io.data_catalog - INFO - Loading data from 'X_Valid' (MemoryDataset)...
2023-07-10 22:28:58,248 - kedro.io.data_catalog - INFO - Loading data from 'Y_Train' (MemoryDataset)...
2023-07-10 22:28:58,255 - kedro.io.data_catalog - INFO - Loading data from 'Y_Valid' (MemoryDataset)...
2023-07-10 22:28:58,295 - kedro.pipeline.node - INFO - Running node: Train_Model_Node: train_model([X_Train,X_Valid,Y_Train,Y_Valid]) -> [Model]
2023-07-10 22:28:58,307 - kedro.pipeline.node - ERROR - Node 'Train_Model_Node: train_model([X_Train,X_Valid,Y_Train,Y_Valid]) -> [Model]' failed with error: 
Experiment 'Experiment_1' already exists.
2023-07-10 22:28:58,342 - kedro.runner.sequential_runner - WARNING - There are 2 nodes that have not run.
You can resume the pipeline run from the nearest nodes with persisted inputs by adding the following argument to your previous command:
  --from-nodes "Create_Model_Input_Table_Node"
2023-07-10 22:30:38,058 - kedro.framework.session.session - INFO - Kedro project lab-11
2023-07-10 22:30:41,926 - kedro.pipeline.node - INFO - Running node: Get_Data_Node: get_data(None) -> [Companies,Shuttles,Reviews]
2023-07-10 22:31:01,779 - kedro.io.data_catalog - INFO - Saving data to 'Companies' (ParquetDataSet)...
2023-07-10 22:31:01,865 - kedro.io.data_catalog - INFO - Saving data to 'Shuttles' (ParquetDataSet)...
2023-07-10 22:31:01,998 - kedro.io.data_catalog - INFO - Saving data to 'Reviews' (ParquetDataSet)...
2023-07-10 22:31:02,055 - kedro.runner.sequential_runner - INFO - Completed 1 out of 7 tasks
2023-07-10 22:31:02,058 - kedro.io.data_catalog - INFO - Loading data from 'Companies' (ParquetDataSet)...
2023-07-10 22:31:02,115 - kedro.pipeline.node - INFO - Running node: Preprocess_Companies_Node: preprocess_companies([Companies]) -> [Preprocessed Companies]
2023-07-10 22:31:02,172 - kedro.io.data_catalog - INFO - Saving data to 'Preprocessed Companies' (ParquetDataSet)...
2023-07-10 22:31:02,214 - kedro.runner.sequential_runner - INFO - Completed 2 out of 7 tasks
2023-07-10 22:31:02,217 - kedro.io.data_catalog - INFO - Loading data from 'Shuttles' (ParquetDataSet)...
2023-07-10 22:31:02,291 - kedro.pipeline.node - INFO - Running node: Preprocess_Shuttles_Node: preprocess_shuttles([Shuttles]) -> [Preprocessed Shuttles]
2023-07-10 22:31:02,308 - py.warnings - WARNING - C:\Users\Cristóbal\Desktop\Lab_11\lab-11\src\lab_11\pipelines\data_prep\nodes.py:15: FutureWarning: The default value of regex will change from True to False in a future version. In addition, single character regular expressions will *not* be treated as literal strings when regex=True.
  x = x.str.replace("$", "").str.replace(",", "")

2023-07-10 22:31:02,415 - kedro.io.data_catalog - INFO - Saving data to 'Preprocessed Shuttles' (ParquetDataSet)...
2023-07-10 22:31:02,513 - kedro.runner.sequential_runner - INFO - Completed 3 out of 7 tasks
2023-07-10 22:31:02,516 - kedro.io.data_catalog - INFO - Loading data from 'Preprocessed Shuttles' (ParquetDataSet)...
2023-07-10 22:31:02,564 - kedro.io.data_catalog - INFO - Loading data from 'Preprocessed Companies' (ParquetDataSet)...
2023-07-10 22:31:02,590 - kedro.io.data_catalog - INFO - Loading data from 'Reviews' (ParquetDataSet)...
2023-07-10 22:31:02,657 - kedro.pipeline.node - INFO - Running node: Create_Model_Input_Table_Node: create_model_input_table([Preprocessed Shuttles,Preprocessed Companies,Reviews]) -> [Model Input Table]
2023-07-10 22:31:04,818 - kedro.io.data_catalog - INFO - Saving data to 'Model Input Table' (ParquetDataSet)...
2023-07-10 22:31:04,843 - kedro.runner.sequential_runner - INFO - Completed 4 out of 7 tasks
2023-07-10 22:31:04,845 - kedro.io.data_catalog - INFO - Loading data from 'Model Input Table' (ParquetDataSet)...
2023-07-10 22:31:04,873 - kedro.io.data_catalog - INFO - Loading data from 'params:split_params' (MemoryDataset)...
2023-07-10 22:31:04,889 - kedro.pipeline.node - INFO - Running node: Split_Data_Node: split_data([Model Input Table,params:split_params]) -> [X_Train,X_Valid,X_Test,Y_Train,Y_Valid,Y_Test]
2023-07-10 22:31:04,962 - kedro.io.data_catalog - INFO - Saving data to 'X_Train' (MemoryDataset)...
2023-07-10 22:31:04,989 - kedro.io.data_catalog - INFO - Saving data to 'X_Valid' (MemoryDataset)...
2023-07-10 22:31:05,014 - kedro.io.data_catalog - INFO - Saving data to 'X_Test' (MemoryDataset)...
2023-07-10 22:31:05,033 - kedro.io.data_catalog - INFO - Saving data to 'Y_Train' (MemoryDataset)...
2023-07-10 22:31:05,043 - kedro.io.data_catalog - INFO - Saving data to 'Y_Valid' (MemoryDataset)...
2023-07-10 22:31:05,055 - kedro.io.data_catalog - INFO - Saving data to 'Y_Test' (MemoryDataset)...
2023-07-10 22:31:05,062 - kedro.runner.sequential_runner - INFO - Completed 5 out of 7 tasks
2023-07-10 22:31:05,065 - kedro.io.data_catalog - INFO - Loading data from 'X_Train' (MemoryDataset)...
2023-07-10 22:31:05,078 - kedro.io.data_catalog - INFO - Loading data from 'X_Valid' (MemoryDataset)...
2023-07-10 22:31:05,096 - kedro.io.data_catalog - INFO - Loading data from 'Y_Train' (MemoryDataset)...
2023-07-10 22:31:05,102 - kedro.io.data_catalog - INFO - Loading data from 'Y_Valid' (MemoryDataset)...
2023-07-10 22:31:05,140 - kedro.pipeline.node - INFO - Running node: Train_Model_Node: train_model([X_Train,X_Valid,Y_Train,Y_Valid]) -> [Model]
2023-07-10 22:31:05,143 - kedro.pipeline.node - ERROR - Node 'Train_Model_Node: train_model([X_Train,X_Valid,Y_Train,Y_Valid]) -> [Model]' failed with error: 
unsupported operand type(s) for -: 'list' and 'int'
2023-07-10 22:31:05,183 - kedro.runner.sequential_runner - WARNING - There are 2 nodes that have not run.
You can resume the pipeline run from the nearest nodes with persisted inputs by adding the following argument to your previous command:
  --from-nodes "Create_Model_Input_Table_Node"
2023-07-10 22:31:30,125 - kedro.framework.session.session - INFO - Kedro project lab-11
2023-07-10 22:31:33,974 - kedro.pipeline.node - INFO - Running node: Get_Data_Node: get_data(None) -> [Companies,Shuttles,Reviews]
2023-07-10 22:31:53,973 - kedro.io.data_catalog - INFO - Saving data to 'Companies' (ParquetDataSet)...
2023-07-10 22:31:54,057 - kedro.io.data_catalog - INFO - Saving data to 'Shuttles' (ParquetDataSet)...
2023-07-10 22:31:54,190 - kedro.io.data_catalog - INFO - Saving data to 'Reviews' (ParquetDataSet)...
2023-07-10 22:31:54,250 - kedro.runner.sequential_runner - INFO - Completed 1 out of 7 tasks
2023-07-10 22:31:54,252 - kedro.io.data_catalog - INFO - Loading data from 'Companies' (ParquetDataSet)...
2023-07-10 22:31:54,306 - kedro.pipeline.node - INFO - Running node: Preprocess_Companies_Node: preprocess_companies([Companies]) -> [Preprocessed Companies]
2023-07-10 22:31:54,361 - kedro.io.data_catalog - INFO - Saving data to 'Preprocessed Companies' (ParquetDataSet)...
2023-07-10 22:31:54,397 - kedro.runner.sequential_runner - INFO - Completed 2 out of 7 tasks
2023-07-10 22:31:54,399 - kedro.io.data_catalog - INFO - Loading data from 'Shuttles' (ParquetDataSet)...
2023-07-10 22:31:54,473 - kedro.pipeline.node - INFO - Running node: Preprocess_Shuttles_Node: preprocess_shuttles([Shuttles]) -> [Preprocessed Shuttles]
2023-07-10 22:31:54,491 - py.warnings - WARNING - C:\Users\Cristóbal\Desktop\Lab_11\lab-11\src\lab_11\pipelines\data_prep\nodes.py:15: FutureWarning: The default value of regex will change from True to False in a future version. In addition, single character regular expressions will *not* be treated as literal strings when regex=True.
  x = x.str.replace("$", "").str.replace(",", "")

2023-07-10 22:31:54,598 - kedro.io.data_catalog - INFO - Saving data to 'Preprocessed Shuttles' (ParquetDataSet)...
2023-07-10 22:31:54,694 - kedro.runner.sequential_runner - INFO - Completed 3 out of 7 tasks
2023-07-10 22:31:54,697 - kedro.io.data_catalog - INFO - Loading data from 'Preprocessed Shuttles' (ParquetDataSet)...
2023-07-10 22:31:54,745 - kedro.io.data_catalog - INFO - Loading data from 'Preprocessed Companies' (ParquetDataSet)...
2023-07-10 22:31:54,772 - kedro.io.data_catalog - INFO - Loading data from 'Reviews' (ParquetDataSet)...
2023-07-10 22:31:54,836 - kedro.pipeline.node - INFO - Running node: Create_Model_Input_Table_Node: create_model_input_table([Preprocessed Shuttles,Preprocessed Companies,Reviews]) -> [Model Input Table]
2023-07-10 22:31:57,006 - kedro.io.data_catalog - INFO - Saving data to 'Model Input Table' (ParquetDataSet)...
2023-07-10 22:31:57,032 - kedro.runner.sequential_runner - INFO - Completed 4 out of 7 tasks
2023-07-10 22:31:57,034 - kedro.io.data_catalog - INFO - Loading data from 'Model Input Table' (ParquetDataSet)...
2023-07-10 22:31:57,059 - kedro.io.data_catalog - INFO - Loading data from 'params:split_params' (MemoryDataset)...
2023-07-10 22:31:57,074 - kedro.pipeline.node - INFO - Running node: Split_Data_Node: split_data([Model Input Table,params:split_params]) -> [X_Train,X_Valid,X_Test,Y_Train,Y_Valid,Y_Test]
2023-07-10 22:31:57,150 - kedro.io.data_catalog - INFO - Saving data to 'X_Train' (MemoryDataset)...
2023-07-10 22:31:57,178 - kedro.io.data_catalog - INFO - Saving data to 'X_Valid' (MemoryDataset)...
2023-07-10 22:31:57,219 - kedro.io.data_catalog - INFO - Saving data to 'X_Test' (MemoryDataset)...
2023-07-10 22:31:57,247 - kedro.io.data_catalog - INFO - Saving data to 'Y_Train' (MemoryDataset)...
2023-07-10 22:31:57,262 - kedro.io.data_catalog - INFO - Saving data to 'Y_Valid' (MemoryDataset)...
2023-07-10 22:31:57,280 - kedro.io.data_catalog - INFO - Saving data to 'Y_Test' (MemoryDataset)...
2023-07-10 22:31:57,290 - kedro.runner.sequential_runner - INFO - Completed 5 out of 7 tasks
2023-07-10 22:31:57,294 - kedro.io.data_catalog - INFO - Loading data from 'X_Train' (MemoryDataset)...
2023-07-10 22:31:57,313 - kedro.io.data_catalog - INFO - Loading data from 'X_Valid' (MemoryDataset)...
2023-07-10 22:31:57,332 - kedro.io.data_catalog - INFO - Loading data from 'Y_Train' (MemoryDataset)...
2023-07-10 22:31:57,340 - kedro.io.data_catalog - INFO - Loading data from 'Y_Valid' (MemoryDataset)...
2023-07-10 22:31:57,383 - kedro.pipeline.node - INFO - Running node: Train_Model_Node: train_model([X_Train,X_Valid,Y_Train,Y_Valid]) -> [Model]
2023-07-10 22:32:08,123 - py.warnings - WARNING - C:\Users\Cristóbal\anaconda3\lib\site-packages\sklearn\utils\validation.py:1143: DataConversionWarning: A column-vector y was passed when a 1d array was expected. Please change the shape of y to (n_samples, ), for example using ravel().
  y = column_or_1d(y, warn=True)

2023-07-10 22:32:27,288 - kedro.pipeline.node - ERROR - Node 'Train_Model_Node: train_model([X_Train,X_Valid,Y_Train,Y_Valid]) -> [Model]' failed with error: 
Invalid classes inferred from unique values of `y`.  Expected: [  0   1   2   3   4   5   6   7   8   9  10  11  12  13  14  15  16  17
  18  19  20  21  22  23  24  25  26  27  28  29  30  31  32  33  34  35
  36  37  38  39  40  41  42  43  44  45  46  47  48  49  50  51  52  53
  54  55  56  57  58  59  60  61  62  63  64  65  66  67  68  69  70  71
  72  73  74  75  76  77  78  79  80  81  82  83  84  85  86  87  88  89
  90  91  92  93  94  95  96  97  98  99 100 101 102 103 104 105 106 107
 108 109 110 111 112 113 114 115 116 117 118 119 120 121 122 123 124 125
 126 127 128 129 130 131 132 133 134 135 136 137 138 139 140 141 142 143
 144 145 146 147 148 149 150 151 152 153 154 155 156 157 158 159 160 161
 162 163 164 165], got [1000. 1026. 1104. 1117. 1130. 1143. 1156. 1169. 1182. 1195. 1208. 1221.
 1234. 1247. 1260. 1273. 1286. 1299. 1312. 1325. 1338. 1351. 1364. 1377.
 1390. 1416. 1429. 1442. 1455. 1468. 1481. 1494. 1507. 1520. 1533. 1546.
 1559. 1572. 1585. 1598. 1611. 1637. 1650. 1663. 1676. 1689. 1715. 1741.
 1754. 1767. 1780. 1793. 1806. 1845. 1871. 1884. 1897. 1910. 1923. 1962.
 1975. 2014. 2027. 2040. 2053. 2066. 2079. 2105. 2144. 2157. 2170. 2183.
 2196. 2209. 2222. 2235. 2300. 2326. 2365. 2378. 2404. 2417. 2430. 2469.
 2482. 2495. 2521. 2534. 2547. 2560. 2586. 2625. 2638. 2664. 2690. 2729.
 2755. 2768. 2794. 2807. 2820. 2872. 2885. 2911. 2924. 2937. 2950. 2976.
 3002. 3015. 3028. 3080. 3093. 3145. 3158. 3197. 3210. 3223. 3275. 3301.
 3327. 3340. 3353. 3366. 3405. 3431. 3457. 3470. 3535. 3600. 3665. 3691.
 3730. 3756. 3795. 3847. 3860. 3873. 3990. 4055. 4107. 4120. 4237. 4380.
 4445. 4510. 4549. 4562. 4575. 4718. 4770. 4900. 4978. 5030. 5095. 5420.
 5446. 6070. 6590. 6720. 7110. 7305. 7370. 8007. 8423. 9320.]
2023-07-10 22:32:27,349 - kedro.runner.sequential_runner - WARNING - There are 2 nodes that have not run.
You can resume the pipeline run from the nearest nodes with persisted inputs by adding the following argument to your previous command:
  --from-nodes "Create_Model_Input_Table_Node"
2023-07-10 23:09:35,370 - kedro.framework.session.session - INFO - Kedro project lab-11
2023-07-10 23:09:39,231 - kedro.pipeline.node - INFO - Running node: Get_Data_Node: get_data(None) -> [Companies,Shuttles,Reviews]
2023-07-10 23:09:59,638 - kedro.io.data_catalog - INFO - Saving data to 'Companies' (ParquetDataSet)...
2023-07-10 23:09:59,724 - kedro.io.data_catalog - INFO - Saving data to 'Shuttles' (ParquetDataSet)...
2023-07-10 23:09:59,853 - kedro.io.data_catalog - INFO - Saving data to 'Reviews' (ParquetDataSet)...
2023-07-10 23:09:59,910 - kedro.runner.sequential_runner - INFO - Completed 1 out of 7 tasks
2023-07-10 23:09:59,913 - kedro.io.data_catalog - INFO - Loading data from 'Companies' (ParquetDataSet)...
2023-07-10 23:09:59,968 - kedro.pipeline.node - INFO - Running node: Preprocess_Companies_Node: preprocess_companies([Companies]) -> [Preprocessed Companies]
2023-07-10 23:10:00,024 - kedro.io.data_catalog - INFO - Saving data to 'Preprocessed Companies' (ParquetDataSet)...
2023-07-10 23:10:00,058 - kedro.runner.sequential_runner - INFO - Completed 2 out of 7 tasks
2023-07-10 23:10:00,060 - kedro.io.data_catalog - INFO - Loading data from 'Shuttles' (ParquetDataSet)...
2023-07-10 23:10:00,131 - kedro.pipeline.node - INFO - Running node: Preprocess_Shuttles_Node: preprocess_shuttles([Shuttles]) -> [Preprocessed Shuttles]
2023-07-10 23:10:00,148 - py.warnings - WARNING - C:\Users\Cristóbal\Desktop\Lab_11\lab-11\src\lab_11\pipelines\data_prep\nodes.py:15: FutureWarning: The default value of regex will change from True to False in a future version. In addition, single character regular expressions will *not* be treated as literal strings when regex=True.
  x = x.str.replace("$", "").str.replace(",", "")

2023-07-10 23:10:00,255 - kedro.io.data_catalog - INFO - Saving data to 'Preprocessed Shuttles' (ParquetDataSet)...
2023-07-10 23:10:00,350 - kedro.runner.sequential_runner - INFO - Completed 3 out of 7 tasks
2023-07-10 23:10:00,351 - kedro.io.data_catalog - INFO - Loading data from 'Preprocessed Shuttles' (ParquetDataSet)...
2023-07-10 23:10:00,399 - kedro.io.data_catalog - INFO - Loading data from 'Preprocessed Companies' (ParquetDataSet)...
2023-07-10 23:10:00,425 - kedro.io.data_catalog - INFO - Loading data from 'Reviews' (ParquetDataSet)...
2023-07-10 23:10:00,495 - kedro.pipeline.node - INFO - Running node: Create_Model_Input_Table_Node: create_model_input_table([Preprocessed Shuttles,Preprocessed Companies,Reviews]) -> [Model Input Table]
2023-07-10 23:10:02,945 - kedro.io.data_catalog - INFO - Saving data to 'Model Input Table' (ParquetDataSet)...
2023-07-10 23:10:02,974 - kedro.runner.sequential_runner - INFO - Completed 4 out of 7 tasks
2023-07-10 23:10:02,977 - kedro.io.data_catalog - INFO - Loading data from 'Model Input Table' (ParquetDataSet)...
2023-07-10 23:10:03,000 - kedro.io.data_catalog - INFO - Loading data from 'params:split_params' (MemoryDataset)...
2023-07-10 23:10:03,015 - kedro.pipeline.node - INFO - Running node: Split_Data_Node: split_data([Model Input Table,params:split_params]) -> [X_Train,X_Valid,X_Test,Y_Train,Y_Valid,Y_Test]
2023-07-10 23:10:03,088 - kedro.io.data_catalog - INFO - Saving data to 'X_Train' (MemoryDataset)...
2023-07-10 23:10:03,114 - kedro.io.data_catalog - INFO - Saving data to 'X_Valid' (MemoryDataset)...
2023-07-10 23:10:03,140 - kedro.io.data_catalog - INFO - Saving data to 'X_Test' (MemoryDataset)...
2023-07-10 23:10:03,159 - kedro.io.data_catalog - INFO - Saving data to 'Y_Train' (MemoryDataset)...
2023-07-10 23:10:03,169 - kedro.io.data_catalog - INFO - Saving data to 'Y_Valid' (MemoryDataset)...
2023-07-10 23:10:03,180 - kedro.io.data_catalog - INFO - Saving data to 'Y_Test' (MemoryDataset)...
2023-07-10 23:10:03,187 - kedro.runner.sequential_runner - INFO - Completed 5 out of 7 tasks
2023-07-10 23:10:03,190 - kedro.io.data_catalog - INFO - Loading data from 'X_Train' (MemoryDataset)...
2023-07-10 23:10:03,209 - kedro.io.data_catalog - INFO - Loading data from 'X_Valid' (MemoryDataset)...
2023-07-10 23:10:03,223 - kedro.io.data_catalog - INFO - Loading data from 'Y_Train' (MemoryDataset)...
2023-07-10 23:10:03,230 - kedro.io.data_catalog - INFO - Loading data from 'Y_Valid' (MemoryDataset)...
2023-07-10 23:10:03,354 - kedro.pipeline.node - INFO - Running node: Train_Model_Node: train_model([X_Train,X_Valid,Y_Train,Y_Valid]) -> [Model]
2023-07-10 23:10:14,251 - py.warnings - WARNING - C:\Users\Cristóbal\anaconda3\lib\site-packages\sklearn\utils\validation.py:1143: DataConversionWarning: A column-vector y was passed when a 1d array was expected. Please change the shape of y to (n_samples, ), for example using ravel().
  y = column_or_1d(y, warn=True)

2023-07-10 23:10:32,965 - kedro.pipeline.node - ERROR - Node 'Train_Model_Node: train_model([X_Train,X_Valid,Y_Train,Y_Valid]) -> [Model]' failed with error: 
Invalid classes inferred from unique values of `y`.  Expected: [  0   1   2   3   4   5   6   7   8   9  10  11  12  13  14  15  16  17
  18  19  20  21  22  23  24  25  26  27  28  29  30  31  32  33  34  35
  36  37  38  39  40  41  42  43  44  45  46  47  48  49  50  51  52  53
  54  55  56  57  58  59  60  61  62  63  64  65  66  67  68  69  70  71
  72  73  74  75  76  77  78  79  80  81  82  83  84  85  86  87  88  89
  90  91  92  93  94  95  96  97  98  99 100 101 102 103 104 105 106 107
 108 109 110 111 112 113 114 115 116 117 118 119 120 121 122 123 124 125
 126 127 128 129 130 131 132 133 134 135 136 137 138 139 140 141 142 143
 144 145 146 147 148 149 150 151 152 153 154 155 156 157 158 159 160 161
 162 163 164 165], got [1000. 1026. 1104. 1117. 1130. 1143. 1156. 1169. 1182. 1195. 1208. 1221.
 1234. 1247. 1260. 1273. 1286. 1299. 1312. 1325. 1338. 1351. 1364. 1377.
 1390. 1416. 1429. 1442. 1455. 1468. 1481. 1494. 1507. 1520. 1533. 1546.
 1559. 1572. 1585. 1598. 1611. 1637. 1650. 1663. 1676. 1689. 1715. 1741.
 1754. 1767. 1780. 1793. 1806. 1845. 1871. 1884. 1897. 1910. 1923. 1962.
 1975. 2014. 2027. 2040. 2053. 2066. 2079. 2105. 2144. 2157. 2170. 2183.
 2196. 2209. 2222. 2235. 2300. 2326. 2365. 2378. 2404. 2417. 2430. 2469.
 2482. 2495. 2521. 2534. 2547. 2560. 2586. 2625. 2638. 2664. 2690. 2729.
 2755. 2768. 2794. 2807. 2820. 2872. 2885. 2911. 2924. 2937. 2950. 2976.
 3002. 3015. 3028. 3080. 3093. 3145. 3158. 3197. 3210. 3223. 3275. 3301.
 3327. 3340. 3353. 3366. 3405. 3431. 3457. 3470. 3535. 3600. 3665. 3691.
 3730. 3756. 3795. 3847. 3860. 3873. 3990. 4055. 4107. 4120. 4237. 4380.
 4445. 4510. 4549. 4562. 4575. 4718. 4770. 4900. 4978. 5030. 5095. 5420.
 5446. 6070. 6590. 6720. 7110. 7305. 7370. 8007. 8423. 9320.]
2023-07-10 23:10:33,020 - kedro.runner.sequential_runner - WARNING - There are 2 nodes that have not run.
You can resume the pipeline run from the nearest nodes with persisted inputs by adding the following argument to your previous command:
  --from-nodes "Create_Model_Input_Table_Node"
2023-07-10 23:13:56,700 - kedro.framework.session.session - INFO - Kedro project lab-11
2023-07-10 23:14:00,531 - kedro.pipeline.node - INFO - Running node: Get_Data_Node: get_data(None) -> [Companies,Shuttles,Reviews]
2023-07-10 23:14:21,114 - kedro.io.data_catalog - INFO - Saving data to 'Companies' (ParquetDataSet)...
2023-07-10 23:14:21,200 - kedro.io.data_catalog - INFO - Saving data to 'Shuttles' (ParquetDataSet)...
2023-07-10 23:14:21,336 - kedro.io.data_catalog - INFO - Saving data to 'Reviews' (ParquetDataSet)...
2023-07-10 23:14:21,396 - kedro.runner.sequential_runner - INFO - Completed 1 out of 7 tasks
2023-07-10 23:14:21,399 - kedro.io.data_catalog - INFO - Loading data from 'Companies' (ParquetDataSet)...
2023-07-10 23:14:21,453 - kedro.pipeline.node - INFO - Running node: Preprocess_Companies_Node: preprocess_companies([Companies]) -> [Preprocessed Companies]
2023-07-10 23:14:21,510 - kedro.io.data_catalog - INFO - Saving data to 'Preprocessed Companies' (ParquetDataSet)...
2023-07-10 23:14:21,546 - kedro.runner.sequential_runner - INFO - Completed 2 out of 7 tasks
2023-07-10 23:14:21,549 - kedro.io.data_catalog - INFO - Loading data from 'Shuttles' (ParquetDataSet)...
2023-07-10 23:14:21,620 - kedro.pipeline.node - INFO - Running node: Preprocess_Shuttles_Node: preprocess_shuttles([Shuttles]) -> [Preprocessed Shuttles]
2023-07-10 23:14:21,637 - py.warnings - WARNING - C:\Users\Cristóbal\Desktop\Lab_11\lab-11\src\lab_11\pipelines\data_prep\nodes.py:15: FutureWarning: The default value of regex will change from True to False in a future version. In addition, single character regular expressions will *not* be treated as literal strings when regex=True.
  x = x.str.replace("$", "").str.replace(",", "")

2023-07-10 23:14:21,747 - kedro.io.data_catalog - INFO - Saving data to 'Preprocessed Shuttles' (ParquetDataSet)...
2023-07-10 23:14:21,846 - kedro.runner.sequential_runner - INFO - Completed 3 out of 7 tasks
2023-07-10 23:14:21,848 - kedro.io.data_catalog - INFO - Loading data from 'Preprocessed Shuttles' (ParquetDataSet)...
2023-07-10 23:14:21,897 - kedro.io.data_catalog - INFO - Loading data from 'Preprocessed Companies' (ParquetDataSet)...
2023-07-10 23:14:21,922 - kedro.io.data_catalog - INFO - Loading data from 'Reviews' (ParquetDataSet)...
2023-07-10 23:14:21,989 - kedro.pipeline.node - INFO - Running node: Create_Model_Input_Table_Node: create_model_input_table([Preprocessed Shuttles,Preprocessed Companies,Reviews]) -> [Model Input Table]
2023-07-10 23:14:24,164 - kedro.io.data_catalog - INFO - Saving data to 'Model Input Table' (ParquetDataSet)...
2023-07-10 23:14:24,190 - kedro.runner.sequential_runner - INFO - Completed 4 out of 7 tasks
2023-07-10 23:14:24,193 - kedro.io.data_catalog - INFO - Loading data from 'Model Input Table' (ParquetDataSet)...
2023-07-10 23:14:24,226 - kedro.io.data_catalog - INFO - Loading data from 'params:split_params' (MemoryDataset)...
2023-07-10 23:14:24,246 - kedro.pipeline.node - INFO - Running node: Split_Data_Node: split_data([Model Input Table,params:split_params]) -> [X_Train,X_Valid,X_Test,Y_Train,Y_Valid,Y_Test]
2023-07-10 23:14:24,321 - kedro.io.data_catalog - INFO - Saving data to 'X_Train' (MemoryDataset)...
2023-07-10 23:14:24,347 - kedro.io.data_catalog - INFO - Saving data to 'X_Valid' (MemoryDataset)...
2023-07-10 23:14:24,373 - kedro.io.data_catalog - INFO - Saving data to 'X_Test' (MemoryDataset)...
2023-07-10 23:14:24,391 - kedro.io.data_catalog - INFO - Saving data to 'Y_Train' (MemoryDataset)...
2023-07-10 23:14:24,402 - kedro.io.data_catalog - INFO - Saving data to 'Y_Valid' (MemoryDataset)...
2023-07-10 23:14:24,413 - kedro.io.data_catalog - INFO - Saving data to 'Y_Test' (MemoryDataset)...
2023-07-10 23:14:24,420 - kedro.runner.sequential_runner - INFO - Completed 5 out of 7 tasks
2023-07-10 23:14:24,424 - kedro.io.data_catalog - INFO - Loading data from 'X_Train' (MemoryDataset)...
2023-07-10 23:14:24,439 - kedro.io.data_catalog - INFO - Loading data from 'X_Valid' (MemoryDataset)...
2023-07-10 23:14:24,455 - kedro.io.data_catalog - INFO - Loading data from 'Y_Train' (MemoryDataset)...
2023-07-10 23:14:24,463 - kedro.io.data_catalog - INFO - Loading data from 'Y_Valid' (MemoryDataset)...
2023-07-10 23:14:24,505 - kedro.pipeline.node - INFO - Running node: Train_Model_Node: train_model([X_Train,X_Valid,Y_Train,Y_Valid]) -> [Model]
2023-07-10 23:14:35,351 - py.warnings - WARNING - C:\Users\Cristóbal\anaconda3\lib\site-packages\sklearn\utils\validation.py:1143: DataConversionWarning: A column-vector y was passed when a 1d array was expected. Please change the shape of y to (n_samples, ), for example using ravel().
  y = column_or_1d(y, warn=True)

2023-07-10 23:15:05,533 - kedro.io.data_catalog - INFO - Saving data to 'Model' (PickleDataSet)...
2023-07-10 23:15:05,553 - kedro.runner.sequential_runner - INFO - Completed 6 out of 7 tasks
2023-07-10 23:15:05,555 - kedro.io.data_catalog - INFO - Loading data from 'Model' (PickleDataSet)...
2023-07-10 23:15:05,576 - kedro.io.data_catalog - INFO - Loading data from 'X_Test' (MemoryDataset)...
2023-07-10 23:15:05,592 - kedro.io.data_catalog - INFO - Loading data from 'Y_Test' (MemoryDataset)...
2023-07-10 23:15:05,618 - kedro.pipeline.node - INFO - Running node: Evaluate_Model_Node: evaluate_model([Model,X_Test,Y_Test]) -> None
2023-07-10 23:15:05,665 - lab_11.pipelines.train_model.nodes - INFO - Model has a Mean Absolute Error of 94.32922909150122 on test data.
2023-07-10 23:15:05,685 - kedro.runner.sequential_runner - INFO - Completed 7 out of 7 tasks
2023-07-10 23:15:05,688 - kedro.runner.sequential_runner - INFO - Pipeline execution completed successfully.
2023-07-10 23:19:54,373 - kedro.framework.session.session - INFO - Kedro project lab-11
2023-07-10 23:19:58,416 - kedro.pipeline.node - INFO - Running node: Get_Data_Node: get_data(None) -> [Companies,Shuttles,Reviews]
2023-07-10 23:20:19,386 - kedro.io.data_catalog - INFO - Saving data to 'Companies' (ParquetDataSet)...
2023-07-10 23:20:19,471 - kedro.io.data_catalog - INFO - Saving data to 'Shuttles' (ParquetDataSet)...
2023-07-10 23:20:19,602 - kedro.io.data_catalog - INFO - Saving data to 'Reviews' (ParquetDataSet)...
2023-07-10 23:20:19,659 - kedro.runner.sequential_runner - INFO - Completed 1 out of 7 tasks
2023-07-10 23:20:19,661 - kedro.io.data_catalog - INFO - Loading data from 'Companies' (ParquetDataSet)...
2023-07-10 23:20:19,716 - kedro.pipeline.node - INFO - Running node: Preprocess_Companies_Node: preprocess_companies([Companies]) -> [Preprocessed Companies]
2023-07-10 23:20:19,773 - kedro.io.data_catalog - INFO - Saving data to 'Preprocessed Companies' (ParquetDataSet)...
2023-07-10 23:20:19,808 - kedro.runner.sequential_runner - INFO - Completed 2 out of 7 tasks
2023-07-10 23:20:19,811 - kedro.io.data_catalog - INFO - Loading data from 'Shuttles' (ParquetDataSet)...
2023-07-10 23:20:19,884 - kedro.pipeline.node - INFO - Running node: Preprocess_Shuttles_Node: preprocess_shuttles([Shuttles]) -> [Preprocessed Shuttles]
2023-07-10 23:20:19,902 - py.warnings - WARNING - C:\Users\Cristóbal\Desktop\Lab_11\lab-11\src\lab_11\pipelines\data_prep\nodes.py:15: FutureWarning: The default value of regex will change from True to False in a future version. In addition, single character regular expressions will *not* be treated as literal strings when regex=True.
  x = x.str.replace("$", "").str.replace(",", "")

2023-07-10 23:20:20,018 - kedro.io.data_catalog - INFO - Saving data to 'Preprocessed Shuttles' (ParquetDataSet)...
2023-07-10 23:20:20,116 - kedro.runner.sequential_runner - INFO - Completed 3 out of 7 tasks
2023-07-10 23:20:20,118 - kedro.io.data_catalog - INFO - Loading data from 'Preprocessed Shuttles' (ParquetDataSet)...
2023-07-10 23:20:20,167 - kedro.io.data_catalog - INFO - Loading data from 'Preprocessed Companies' (ParquetDataSet)...
2023-07-10 23:20:20,194 - kedro.io.data_catalog - INFO - Loading data from 'Reviews' (ParquetDataSet)...
2023-07-10 23:20:20,269 - kedro.pipeline.node - INFO - Running node: Create_Model_Input_Table_Node: create_model_input_table([Preprocessed Shuttles,Preprocessed Companies,Reviews]) -> [Model Input Table]
2023-07-10 23:20:22,710 - kedro.io.data_catalog - INFO - Saving data to 'Model Input Table' (ParquetDataSet)...
2023-07-10 23:20:22,733 - kedro.runner.sequential_runner - INFO - Completed 4 out of 7 tasks
2023-07-10 23:20:22,736 - kedro.io.data_catalog - INFO - Loading data from 'Model Input Table' (ParquetDataSet)...
2023-07-10 23:20:22,760 - kedro.io.data_catalog - INFO - Loading data from 'params:split_params' (MemoryDataset)...
2023-07-10 23:20:22,775 - kedro.pipeline.node - INFO - Running node: Split_Data_Node: split_data([Model Input Table,params:split_params]) -> [X_Train,X_Valid,X_Test,Y_Train,Y_Valid,Y_Test]
2023-07-10 23:20:22,849 - kedro.io.data_catalog - INFO - Saving data to 'X_Train' (ParquetDataSet)...
2023-07-10 23:20:22,881 - kedro.io.data_catalog - INFO - Saving data to 'X_Valid' (ParquetDataSet)...
2023-07-10 23:20:22,910 - kedro.io.data_catalog - INFO - Saving data to 'X_Test' (ParquetDataSet)...
2023-07-10 23:20:22,932 - kedro.io.data_catalog - INFO - Saving data to 'Y_Train' (ParquetDataSet)...
2023-07-10 23:20:22,945 - kedro.io.data_catalog - INFO - Saving data to 'Y_Valid' (ParquetDataSet)...
2023-07-10 23:20:22,959 - kedro.io.data_catalog - INFO - Saving data to 'Y_Test' (ParquetDataSet)...
2023-07-10 23:20:22,970 - kedro.runner.sequential_runner - INFO - Completed 5 out of 7 tasks
2023-07-10 23:20:22,973 - kedro.io.data_catalog - INFO - Loading data from 'X_Train' (ParquetDataSet)...
2023-07-10 23:20:22,996 - kedro.io.data_catalog - INFO - Loading data from 'X_Valid' (ParquetDataSet)...
2023-07-10 23:20:23,019 - kedro.io.data_catalog - INFO - Loading data from 'Y_Train' (ParquetDataSet)...
2023-07-10 23:20:23,035 - kedro.io.data_catalog - INFO - Loading data from 'Y_Valid' (ParquetDataSet)...
2023-07-10 23:20:23,081 - kedro.pipeline.node - INFO - Running node: Train_Model_Node: train_model([X_Train,X_Valid,Y_Train,Y_Valid]) -> [Model]
2023-07-10 23:20:34,193 - py.warnings - WARNING - C:\Users\Cristóbal\anaconda3\lib\site-packages\sklearn\utils\validation.py:1143: DataConversionWarning: A column-vector y was passed when a 1d array was expected. Please change the shape of y to (n_samples, ), for example using ravel().
  y = column_or_1d(y, warn=True)

2023-07-10 23:21:03,047 - kedro.io.data_catalog - INFO - Saving data to 'Model' (PickleDataSet)...
2023-07-10 23:21:03,067 - kedro.runner.sequential_runner - INFO - Completed 6 out of 7 tasks
2023-07-10 23:21:03,070 - kedro.io.data_catalog - INFO - Loading data from 'Model' (PickleDataSet)...
2023-07-10 23:21:03,091 - kedro.io.data_catalog - INFO - Loading data from 'X_Test' (ParquetDataSet)...
2023-07-10 23:21:03,136 - kedro.io.data_catalog - INFO - Loading data from 'Y_Test' (ParquetDataSet)...
2023-07-10 23:21:03,163 - kedro.pipeline.node - INFO - Running node: Evaluate_Model_Node: evaluate_model([Model,X_Test,Y_Test]) -> None
2023-07-10 23:21:03,208 - lab_11.pipelines.train_model.nodes - INFO - Model has a Mean Absolute Error of 94.65547242099444 on test data.
2023-07-10 23:21:03,228 - kedro.runner.sequential_runner - INFO - Completed 7 out of 7 tasks
2023-07-10 23:21:03,230 - kedro.runner.sequential_runner - INFO - Pipeline execution completed successfully.
